Arguments: 
  C:\Program Files\nodejs\node.exe C:\Users\HP\AppData\Roaming\npm\node_modules\yarn\bin\yarn.js install

PATH: 
  C:\Users\HP\bin;C:\Program Files\Git\mingw64\bin;C:\Program Files\Git\usr\local\bin;C:\Program Files\Git\usr\bin;C:\Program Files\Git\usr\bin;C:\Program Files\Git\mingw64\bin;C:\Program Files\Git\usr\bin;C:\Users\HP\bin;C:\Program Files\nodejs;C:\WINDOWS\system32;C:\WINDOWS;C:\WINDOWS\System32\Wbem;C:\WINDOWS\System32\WindowsPowerShell\v1.0;C:\WINDOWS\System32\OpenSSH;C:\ProgramData\ComposerSetup\bin;C:\Program Files\Microsoft VS Code\bin;C:\gs;C:\PHP7;C:\Users\HP\AppData\Roaming\Composer\vendor\bin;C:\Program Files\PuTTY;C:\Program Files\Git\cmd;C:\Users\HP\AppData\Local\Programs\Python\Python37-32\Scripts;C:\Users\HP\AppData\Local\Programs\Python\Python37-32;C:\Users\HP\AppData\Local\Microsoft\WindowsApps;C:\Program Files\Microsoft VS Code\bin;C:\Users\HP\AppData\Local\Programs\Microsoft VS Code\bin;C:\Program Files\Sublime Text 3;C:\xampp\php;C:\Users\HP\AppData\Roaming\Composer\vendor\bin;C:\Users\HP\AppData\Local\Yarn\bin;C:\Users\HP\AppData\Roaming\npm;C:\Program Files\Git\usr\bin\vendor_perl;C:\Program Files\Git\usr\bin\core_perl

Yarn version: 
  1.16.0

Node version: 
  10.16.0

Platform: 
  win32 x64

Trace: 
  SyntaxError: C:\xampp\htdocs\Projects\shop_oop\package.json: Unexpected token / in JSON at position 176
      at JSON.parse (<anonymous>)
      at C:\Users\HP\AppData\Roaming\npm\node_modules\yarn\lib\cli.js:1625:59
      at Generator.next (<anonymous>)
      at step (C:\Users\HP\AppData\Roaming\npm\node_modules\yarn\lib\cli.js:304:30)
      at C:\Users\HP\AppData\Roaming\npm\node_modules\yarn\lib\cli.js:315:13

npm manifest: 
  {
    "name": "Shop OOP",
    "version": "1.0.0",
    "scripts": {
      "dev": "webpack serve",
      "test": "echo \"Error: no test specified\" && exit 1"
    },
    "dependencies": {
      // "autoprefixer": "^10.1.0", */ 
      "css-loader": "^5.0.1",
      "normalize.css": "^8.0.1",
      // "postcss-import": "^14.0.0",*/
      // "postcss-loader": "^4.1.0",
      // "postcss-mixins": "^7.0.2",
      // "postcss-nested": "^5.0.3",
      // "postcss-simple-vars": "^6.0.2",
      "style-loader": "^2.0.0",
      "webpack-dev-server": "^3.11.0"
    },
    "devDependencies": {
      "webpack": "^5.10.3",
      "webpack-cli": "^4.2.0"
    }
  }

yarn manifest: 
  No manifest

Lockfile: 
  No lockfile
